<?xml version="1.0" encoding="UTF-8"?>
<!-- Generated by org.testng.reporters.JUnitReportReporter -->
<testsuite hostname="Ikhon_jean" failures="0" tests="1" name="com.relatorioqa4.FalhaLogin" time="1.496" errors="0" timestamp="2024-02-16T14:21:16 BRT" skipped="0">
  <testcase classname="com.relatorioqa4.FalhaLogin" name="testFalhaLogin" time="1.496"/>
</testsuite> <!-- com.relatorioqa4.FalhaLogin -->
