<?xml version="1.0" encoding="UTF-8"?>
<!-- Generated by org.testng.reporters.JUnitReportReporter -->
<testsuite hostname="Ikhon_jean" failures="0" tests="1" name="com.relatorioqa4.AcessarPagina" time="0.799" errors="0" timestamp="2024-03-01T15:00:43 BRT" skipped="0">
  <testcase classname="com.relatorioqa4.AcessarPagina" name="testarSauceDemo" time="0.799"/>
</testsuite> <!-- com.relatorioqa4.AcessarPagina -->
